goosip_androidApp/app/build/intermediates/manifest_merge_blame_file/debug/manifest-merger-blame-debug-report.txt
1<?xml version="1.0" encoding="utf-8"?>
2<manifest xmlns:android="http://schemas.android.com/apk/res/android"
3    package="com.android.chatsapp"
4    android:versionCode="1"
5    android:versionName="1.0" >
6
7    <uses-sdk
8        android:minSdkVersion="24"
9        android:targetSdkVersion="33" />
10
11    <uses-permission
11-->src\main\AndroidManifest.xml:5:5-81
12        android:name="android.permission.WRITE_EXTERNAL_STORAGE"
12-->src\main\AndroidManifest.xml:5:22-78
13        android:maxSdkVersion="28" />
13-->[io.ak1.pix:piximagepicker:1.6.3] AndroidManifest.xml:16:9-35
14    <uses-permission android:name="android.permission.READ_EXTERNAL_STORAGE" />
14-->src\main\AndroidManifest.xml:6:5-80
14-->src\main\AndroidManifest.xml:6:22-77
15    <uses-permission android:name="android.permission.INTERNET" />
15-->src\main\AndroidManifest.xml:7:5-67
15-->src\main\AndroidManifest.xml:7:22-64
16    <uses-permission android:name="android.permission.ACCESS_NETWORK_STATE" />
16-->src\main\AndroidManifest.xml:8:5-79
16-->src\main\AndroidManifest.xml:8:22-76
17    <uses-permission android:name="com.google.android.c2dm.permission.RECEIVE" />
17-->src\main\AndroidManifest.xml:9:5-82
17-->src\main\AndroidManifest.xml:9:22-79
18    <uses-permission android:name="com.google.firebase.messaging.NOTIFICATION_DISMISS" />
18-->src\main\AndroidManifest.xml:10:5-90
18-->src\main\AndroidManifest.xml:10:22-87
19
20    <meta-data
20-->src\main\AndroidManifest.xml:12:5-14:33
21        android:name="firebase_messaging_auto_init_enabled"
21-->src\main\AndroidManifest.xml:13:9-60
22        android:value="false" />
22-->src\main\AndroidManifest.xml:14:9-30
23    <meta-data
23-->src\main\AndroidManifest.xml:15:5-17:33
24        android:name="firebase_analytics_collection_enabled"
24-->src\main\AndroidManifest.xml:16:9-61
25        android:value="false" />
25-->src\main\AndroidManifest.xml:17:9-30
26
27    <uses-feature android:name="android.hardware.camera.any" />
27-->[io.ak1.pix:piximagepicker:1.6.3] AndroidManifest.xml:9:5-64
27-->[io.ak1.pix:piximagepicker:1.6.3] AndroidManifest.xml:9:19-61
28
29    <uses-permission android:name="android.permission.CAMERA" />
29-->[io.ak1.pix:piximagepicker:1.6.3] AndroidManifest.xml:11:5-65
29-->[io.ak1.pix:piximagepicker:1.6.3] AndroidManifest.xml:11:22-62
30    <uses-permission android:name="android.permission.RECORD_AUDIO" />
30-->[io.ak1.pix:piximagepicker:1.6.3] AndroidManifest.xml:12:5-71
30-->[io.ak1.pix:piximagepicker:1.6.3] AndroidManifest.xml:12:22-68
31    <uses-permission android:name="android.permission.POST_NOTIFICATIONS" />
31-->[com.google.firebase:firebase-messaging:23.3.1] AndroidManifest.xml:23:5-77
31-->[com.google.firebase:firebase-messaging:23.3.1] AndroidManifest.xml:23:22-74
32    <uses-permission android:name="android.permission.WAKE_LOCK" />
32-->[com.google.firebase:firebase-messaging:23.3.1] AndroidManifest.xml:24:5-68
32-->[com.google.firebase:firebase-messaging:23.3.1] AndroidManifest.xml:24:22-65
33    <uses-permission android:name="com.google.android.gms.permission.AD_ID" />
33-->[com.google.android.gms:play-services-measurement-api:21.5.0] AndroidManifest.xml:25:5-79
33-->[com.google.android.gms:play-services-measurement-api:21.5.0] AndroidManifest.xml:25:22-76
34    <uses-permission android:name="android.permission.ACCESS_ADSERVICES_ATTRIBUTION" />
34-->[com.google.android.gms:play-services-measurement-api:21.5.0] AndroidManifest.xml:26:5-88
34-->[com.google.android.gms:play-services-measurement-api:21.5.0] AndroidManifest.xml:26:22-85
35    <uses-permission android:name="android.permission.ACCESS_ADSERVICES_AD_ID" />
35-->[com.google.android.gms:play-services-measurement-api:21.5.0] AndroidManifest.xml:27:5-82
35-->[com.google.android.gms:play-services-measurement-api:21.5.0] AndroidManifest.xml:27:22-79
36
37    <queries>
37-->[androidx.camera:camera-extensions:1.0.0-alpha25] AndroidManifest.xml:24:5-28:15
38        <intent>
38-->[androidx.camera:camera-extensions:1.0.0-alpha25] AndroidManifest.xml:25:9-27:18
39            <action android:name="androidx.camera.extensions.action.VENDOR_ACTION" />
39-->[androidx.camera:camera-extensions:1.0.0-alpha25] AndroidManifest.xml:26:13-86
39-->[androidx.camera:camera-extensions:1.0.0-alpha25] AndroidManifest.xml:26:21-83
40        </intent>
41    </queries>
42
43    <uses-permission android:name="com.google.android.finsky.permission.BIND_GET_INSTALL_REFERRER_SERVICE" />
43-->[com.google.android.gms:play-services-measurement:21.5.0] AndroidManifest.xml:26:5-110
43-->[com.google.android.gms:play-services-measurement:21.5.0] AndroidManifest.xml:26:22-107
44
45    <permission
45-->[androidx.core:core:1.9.0] AndroidManifest.xml:22:5-24:47
46        android:name="com.android.chatsapp.DYNAMIC_RECEIVER_NOT_EXPORTED_PERMISSION"
46-->[androidx.core:core:1.9.0] AndroidManifest.xml:23:9-81
47        android:protectionLevel="signature" />
47-->[androidx.core:core:1.9.0] AndroidManifest.xml:24:9-44
48
49    <uses-permission android:name="com.android.chatsapp.DYNAMIC_RECEIVER_NOT_EXPORTED_PERMISSION" />
49-->[androidx.core:core:1.9.0] AndroidManifest.xml:26:5-97
49-->[androidx.core:core:1.9.0] AndroidManifest.xml:26:22-94
50
51    <application
51-->src\main\AndroidManifest.xml:19:5-75:19
52        android:allowBackup="true"
52-->src\main\AndroidManifest.xml:20:9-35
53        android:appComponentFactory="androidx.core.app.CoreComponentFactory"
53-->[androidx.core:core:1.9.0] AndroidManifest.xml:28:18-86
54        android:dataExtractionRules="@xml/data_extraction_rules"
54-->src\main\AndroidManifest.xml:21:9-65
55        android:debuggable="true"
56        android:extractNativeLibs="false"
57        android:fullBackupContent="@xml/backup_rules"
57-->src\main\AndroidManifest.xml:22:9-54
58        android:icon="@mipmap/ic_launcher"
58-->src\main\AndroidManifest.xml:23:9-43
59        android:label="@string/app_name"
59-->src\main\AndroidManifest.xml:24:9-41
60        android:requestLegacyExternalStorage="true"
60-->src\main\AndroidManifest.xml:25:9-52
61        android:roundIcon="@mipmap/ic_launcher_round"
61-->src\main\AndroidManifest.xml:26:9-54
62        android:supportsRtl="true"
62-->src\main\AndroidManifest.xml:27:9-35
63        android:testOnly="true"
64        android:theme="@style/Theme.ChatsApp"
64-->src\main\AndroidManifest.xml:28:9-46
65        android:usesCleartextTraffic="true" >
65-->src\main\AndroidManifest.xml:29:9-44
66
67        <!-- <service android:name=".notification.FirebaseService" -->
68        <!-- android:permission="com.google.android.c2dm.permission.SEND" -->
69        <!-- android:exported="false"> -->
70        <!-- <intent-filter> -->
71        <!-- <action android:name="com.google.firebase.MESSAGING.EVENT"></action> -->
72        <!-- <action android:name="com.google.android.c2dm.intent.RECEIVE"></action> -->
73        <!-- </intent-filter> -->
74        <!-- </service> -->
75
76        <receiver
76-->src\main\AndroidManifest.xml:42:9-49:20
77            android:name="com.android.chatsapp.notification.FirebaseDataReceiver"
77-->src\main\AndroidManifest.xml:43:13-62
78            android:exported="true"
78-->src\main\AndroidManifest.xml:44:13-36
79            android:permission="com.google.android.c2dm.permission.SEND" >
79-->src\main\AndroidManifest.xml:45:13-73
80            <intent-filter>
80-->src\main\AndroidManifest.xml:46:13-48:29
81                <action android:name="com.google.android.c2dm.intent.RECEIVE" />
81-->src\main\AndroidManifest.xml:47:17-81
81-->src\main\AndroidManifest.xml:47:25-78
82            </intent-filter>
83        </receiver>
84
85        <activity
85-->src\main\AndroidManifest.xml:51:9-54:20
86            android:name="com.android.chatsapp.presentation.ChatActivity"
86-->src\main\AndroidManifest.xml:52:13-54
87            android:exported="true" >
87-->src\main\AndroidManifest.xml:53:13-36
88        </activity>
89        <activity
89-->src\main\AndroidManifest.xml:55:9-58:20
90            android:name="com.android.chatsapp.presentation.SetupProfileActivity"
90-->src\main\AndroidManifest.xml:56:13-62
91            android:exported="true" >
91-->src\main\AndroidManifest.xml:57:13-36
92        </activity>
93        <activity
93-->src\main\AndroidManifest.xml:59:9-61:40
94            android:name="com.android.chatsapp.presentation.OTPVerifyActivity"
94-->src\main\AndroidManifest.xml:60:13-59
95            android:exported="false" />
95-->src\main\AndroidManifest.xml:61:13-37
96        <activity
96-->src\main\AndroidManifest.xml:62:9-65:20
97            android:name="com.android.chatsapp.presentation.PhoneNoVerificationActivity"
97-->src\main\AndroidManifest.xml:63:13-69
98            android:exported="true" >
98-->src\main\AndroidManifest.xml:64:13-36
99        </activity>
100        <activity
100-->src\main\AndroidManifest.xml:67:9-74:20
101            android:name="com.android.chatsapp.presentation.MainActivity"
101-->src\main\AndroidManifest.xml:68:13-54
102            android:exported="true" >
102-->src\main\AndroidManifest.xml:69:13-36
103            <intent-filter>
103-->src\main\AndroidManifest.xml:70:13-73:29
104                <action android:name="android.intent.action.MAIN" />
104-->src\main\AndroidManifest.xml:71:17-69
104-->src\main\AndroidManifest.xml:71:25-66
105
106                <category android:name="android.intent.category.LAUNCHER" />
106-->src\main\AndroidManifest.xml:72:17-77
106-->src\main\AndroidManifest.xml:72:27-74
107            </intent-filter>
108        </activity>
109
110        <service
110-->[com.google.firebase:firebase-database-ktx:20.3.0] AndroidManifest.xml:9:9-15:19
111            android:name="com.google.firebase.components.ComponentDiscoveryService"
111-->[com.google.firebase:firebase-database-ktx:20.3.0] AndroidManifest.xml:10:13-84
112            android:directBootAware="true"
112-->[com.google.firebase:firebase-common:20.4.2] AndroidManifest.xml:32:13-43
113            android:exported="false" >
113-->[com.google.firebase:firebase-database-ktx:20.3.0] AndroidManifest.xml:11:13-37
114            <meta-data
114-->[com.google.firebase:firebase-database-ktx:20.3.0] AndroidManifest.xml:12:13-14:85
115                android:name="com.google.firebase.components:com.google.firebase.database.ktx.FirebaseDatabaseLegacyRegistrar"
115-->[com.google.firebase:firebase-database-ktx:20.3.0] AndroidManifest.xml:13:17-127
116                android:value="com.google.firebase.components.ComponentRegistrar" />
116-->[com.google.firebase:firebase-database-ktx:20.3.0] AndroidManifest.xml:14:17-82
117            <meta-data
117-->[com.google.firebase:firebase-storage-ktx:20.3.0] AndroidManifest.xml:12:13-14:85
118                android:name="com.google.firebase.components:com.google.firebase.storage.ktx.FirebaseStorageLegacyRegistrar"
118-->[com.google.firebase:firebase-storage-ktx:20.3.0] AndroidManifest.xml:13:17-125
119                android:value="com.google.firebase.components.ComponentRegistrar" />
119-->[com.google.firebase:firebase-storage-ktx:20.3.0] AndroidManifest.xml:14:17-82
120            <meta-data
120-->[com.google.firebase:firebase-auth-ktx:22.2.0] AndroidManifest.xml:11:13-13:85
121                android:name="com.google.firebase.components:com.google.firebase.auth.ktx.FirebaseAuthLegacyRegistrar"
121-->[com.google.firebase:firebase-auth-ktx:22.2.0] AndroidManifest.xml:12:17-119
122                android:value="com.google.firebase.components.ComponentRegistrar" />
122-->[com.google.firebase:firebase-auth-ktx:22.2.0] AndroidManifest.xml:13:17-82
123            <meta-data
123-->[com.google.firebase:firebase-auth:22.2.0] AndroidManifest.xml:69:13-71:85
124                android:name="com.google.firebase.components:com.google.firebase.auth.FirebaseAuthRegistrar"
124-->[com.google.firebase:firebase-auth:22.2.0] AndroidManifest.xml:70:17-109
125                android:value="com.google.firebase.components.ComponentRegistrar" />
125-->[com.google.firebase:firebase-auth:22.2.0] AndroidManifest.xml:71:17-82
126            <meta-data
126-->[com.google.firebase:firebase-messaging:23.3.1] AndroidManifest.xml:57:13-59:85
127                android:name="com.google.firebase.components:com.google.firebase.messaging.FirebaseMessagingKtxRegistrar"
127-->[com.google.firebase:firebase-messaging:23.3.1] AndroidManifest.xml:58:17-122
128                android:value="com.google.firebase.components.ComponentRegistrar" />
128-->[com.google.firebase:firebase-messaging:23.3.1] AndroidManifest.xml:59:17-82
129            <meta-data
129-->[com.google.firebase:firebase-messaging:23.3.1] AndroidManifest.xml:60:13-62:85
130                android:name="com.google.firebase.components:com.google.firebase.messaging.FirebaseMessagingRegistrar"
130-->[com.google.firebase:firebase-messaging:23.3.1] AndroidManifest.xml:61:17-119
131                android:value="com.google.firebase.components.ComponentRegistrar" />
131-->[com.google.firebase:firebase-messaging:23.3.1] AndroidManifest.xml:62:17-82
132            <meta-data
132-->[com.google.firebase:firebase-firestore-ktx:23.0.3] AndroidManifest.xml:15:13-17:85
133                android:name="com.google.firebase.components:com.google.firebase.firestore.ktx.FirebaseFirestoreKtxRegistrar"
133-->[com.google.firebase:firebase-firestore-ktx:23.0.3] AndroidManifest.xml:16:17-126
134                android:value="com.google.firebase.components.ComponentRegistrar" />
134-->[com.google.firebase:firebase-firestore-ktx:23.0.3] AndroidManifest.xml:17:17-82
135            <meta-data
135-->[com.google.firebase:firebase-analytics-ktx:21.5.0] AndroidManifest.xml:11:13-13:85
136                android:name="com.google.firebase.components:com.google.firebase.analytics.ktx.FirebaseAnalyticsLegacyRegistrar"
136-->[com.google.firebase:firebase-analytics-ktx:21.5.0] AndroidManifest.xml:12:17-129
137                android:value="com.google.firebase.components.ComponentRegistrar" />
137-->[com.google.firebase:firebase-analytics-ktx:21.5.0] AndroidManifest.xml:13:17-82
138            <meta-data
138-->[com.google.android.gms:play-services-measurement-api:21.5.0] AndroidManifest.xml:37:13-39:85
139                android:name="com.google.firebase.components:com.google.firebase.analytics.connector.internal.AnalyticsConnectorRegistrar"
139-->[com.google.android.gms:play-services-measurement-api:21.5.0] AndroidManifest.xml:38:17-139
140                android:value="com.google.firebase.components.ComponentRegistrar" />
140-->[com.google.android.gms:play-services-measurement-api:21.5.0] AndroidManifest.xml:39:17-82
141            <meta-data
141-->[com.google.firebase:firebase-installations:17.2.0] AndroidManifest.xml:15:13-17:85
142                android:name="com.google.firebase.components:com.google.firebase.installations.FirebaseInstallationsKtxRegistrar"
142-->[com.google.firebase:firebase-installations:17.2.0] AndroidManifest.xml:16:17-130
143                android:value="com.google.firebase.components.ComponentRegistrar" />
143-->[com.google.firebase:firebase-installations:17.2.0] AndroidManifest.xml:17:17-82
144            <meta-data
144-->[com.google.firebase:firebase-installations:17.2.0] AndroidManifest.xml:18:13-20:85
145                android:name="com.google.firebase.components:com.google.firebase.installations.FirebaseInstallationsRegistrar"
145-->[com.google.firebase:firebase-installations:17.2.0] AndroidManifest.xml:19:17-127
146                android:value="com.google.firebase.components.ComponentRegistrar" />
146-->[com.google.firebase:firebase-installations:17.2.0] AndroidManifest.xml:20:17-82
147            <meta-data
147-->[com.google.firebase:firebase-database:20.3.0] AndroidManifest.xml:29:13-31:85
148                android:name="com.google.firebase.components:com.google.firebase.database.FirebaseDatabaseKtxRegistrar"
148-->[com.google.firebase:firebase-database:20.3.0] AndroidManifest.xml:30:17-120
149                android:value="com.google.firebase.components.ComponentRegistrar" />
149-->[com.google.firebase:firebase-database:20.3.0] AndroidManifest.xml:31:17-82
150            <meta-data
150-->[com.google.firebase:firebase-database:20.3.0] AndroidManifest.xml:32:13-34:85
151                android:name="com.google.firebase.components:com.google.firebase.database.DatabaseRegistrar"
151-->[com.google.firebase:firebase-database:20.3.0] AndroidManifest.xml:33:17-109
152                android:value="com.google.firebase.components.ComponentRegistrar" />
152-->[com.google.firebase:firebase-database:20.3.0] AndroidManifest.xml:34:17-82
153            <meta-data
153-->[com.google.firebase:firebase-storage:20.3.0] AndroidManifest.xml:30:13-32:85
154                android:name="com.google.firebase.components:com.google.firebase.storage.FirebaseStorageKtxRegistrar"
154-->[com.google.firebase:firebase-storage:20.3.0] AndroidManifest.xml:31:17-118
155                android:value="com.google.firebase.components.ComponentRegistrar" />
155-->[com.google.firebase:firebase-storage:20.3.0] AndroidManifest.xml:32:17-82
156            <meta-data
156-->[com.google.firebase:firebase-storage:20.3.0] AndroidManifest.xml:33:13-35:85
157                android:name="com.google.firebase.components:com.google.firebase.storage.StorageRegistrar"
157-->[com.google.firebase:firebase-storage:20.3.0] AndroidManifest.xml:34:17-107
158                android:value="com.google.firebase.components.ComponentRegistrar" />
158-->[com.google.firebase:firebase-storage:20.3.0] AndroidManifest.xml:35:17-82
159            <meta-data
159-->[com.google.firebase:firebase-appcheck:17.1.0] AndroidManifest.xml:25:13-27:85
160                android:name="com.google.firebase.components:com.google.firebase.appcheck.FirebaseAppCheckKtxRegistrar"
160-->[com.google.firebase:firebase-appcheck:17.1.0] AndroidManifest.xml:26:17-120
161                android:value="com.google.firebase.components.ComponentRegistrar" />
161-->[com.google.firebase:firebase-appcheck:17.1.0] AndroidManifest.xml:27:17-82
162            <meta-data
162-->[com.google.firebase:firebase-appcheck:17.1.0] AndroidManifest.xml:28:13-30:85
163                android:name="com.google.firebase.components:com.google.firebase.appcheck.FirebaseAppCheckRegistrar"
163-->[com.google.firebase:firebase-appcheck:17.1.0] AndroidManifest.xml:29:17-117
164                android:value="com.google.firebase.components.ComponentRegistrar" />
164-->[com.google.firebase:firebase-appcheck:17.1.0] AndroidManifest.xml:30:17-82
165            <meta-data
165-->[com.google.firebase:firebase-common-ktx:20.4.2] AndroidManifest.xml:12:13-14:85
166                android:name="com.google.firebase.components:com.google.firebase.ktx.FirebaseCommonLegacyRegistrar"
166-->[com.google.firebase:firebase-common-ktx:20.4.2] AndroidManifest.xml:13:17-116
167                android:value="com.google.firebase.components.ComponentRegistrar" />
167-->[com.google.firebase:firebase-common-ktx:20.4.2] AndroidManifest.xml:14:17-82
168            <meta-data
168-->[com.google.firebase:firebase-firestore:23.0.3] AndroidManifest.xml:20:13-22:85
169                android:name="com.google.firebase.components:com.google.firebase.firestore.FirestoreRegistrar"
169-->[com.google.firebase:firebase-firestore:23.0.3] AndroidManifest.xml:21:17-111
170                android:value="com.google.firebase.components.ComponentRegistrar" />
170-->[com.google.firebase:firebase-firestore:23.0.3] AndroidManifest.xml:22:17-82
171            <meta-data
171-->[com.google.firebase:firebase-common:20.4.2] AndroidManifest.xml:35:13-37:85
172                android:name="com.google.firebase.components:com.google.firebase.FirebaseCommonKtxRegistrar"
172-->[com.google.firebase:firebase-common:20.4.2] AndroidManifest.xml:36:17-109
173                android:value="com.google.firebase.components.ComponentRegistrar" />
173-->[com.google.firebase:firebase-common:20.4.2] AndroidManifest.xml:37:17-82
174            <meta-data
174-->[com.google.firebase:firebase-datatransport:18.1.7] AndroidManifest.xml:27:13-29:85
175                android:name="com.google.firebase.components:com.google.firebase.datatransport.TransportRegistrar"
175-->[com.google.firebase:firebase-datatransport:18.1.7] AndroidManifest.xml:28:17-115
176                android:value="com.google.firebase.components.ComponentRegistrar" />
176-->[com.google.firebase:firebase-datatransport:18.1.7] AndroidManifest.xml:29:17-82
177        </service>
178
179        <activity
179-->[com.google.firebase:firebase-auth:22.2.0] AndroidManifest.xml:29:9-46:20
180            android:name="com.google.firebase.auth.internal.GenericIdpActivity"
180-->[com.google.firebase:firebase-auth:22.2.0] AndroidManifest.xml:30:13-80
181            android:excludeFromRecents="true"
181-->[com.google.firebase:firebase-auth:22.2.0] AndroidManifest.xml:31:13-46
182            android:exported="true"
182-->[com.google.firebase:firebase-auth:22.2.0] AndroidManifest.xml:32:13-36
183            android:launchMode="singleTask"
183-->[com.google.firebase:firebase-auth:22.2.0] AndroidManifest.xml:33:13-44
184            android:theme="@android:style/Theme.Translucent.NoTitleBar" >
184-->[com.google.firebase:firebase-auth:22.2.0] AndroidManifest.xml:34:13-72
185            <intent-filter>
185-->[com.google.firebase:firebase-auth:22.2.0] AndroidManifest.xml:35:13-45:29
186                <action android:name="android.intent.action.VIEW" />
186-->[com.google.firebase:firebase-auth:22.2.0] AndroidManifest.xml:36:17-69
186-->[com.google.firebase:firebase-auth:22.2.0] AndroidManifest.xml:36:25-66
187
188                <category android:name="android.intent.category.DEFAULT" />
188-->[com.google.firebase:firebase-auth:22.2.0] AndroidManifest.xml:38:17-76
188-->[com.google.firebase:firebase-auth:22.2.0] AndroidManifest.xml:38:27-73
189                <category android:name="android.intent.category.BROWSABLE" />
189-->[com.google.firebase:firebase-auth:22.2.0] AndroidManifest.xml:39:17-78
189-->[com.google.firebase:firebase-auth:22.2.0] AndroidManifest.xml:39:27-75
190
191                <data
191-->[com.google.firebase:firebase-auth:22.2.0] AndroidManifest.xml:41:17-44:51
192                    android:host="firebase.auth"
192-->[com.google.firebase:firebase-auth:22.2.0] AndroidManifest.xml:42:21-49
193                    android:path="/"
193-->[com.google.firebase:firebase-auth:22.2.0] AndroidManifest.xml:43:21-37
194                    android:scheme="genericidp" />
194-->[com.google.firebase:firebase-auth:22.2.0] AndroidManifest.xml:44:21-48
195            </intent-filter>
196        </activity>
197        <activity
197-->[com.google.firebase:firebase-auth:22.2.0] AndroidManifest.xml:47:9-64:20
198            android:name="com.google.firebase.auth.internal.RecaptchaActivity"
198-->[com.google.firebase:firebase-auth:22.2.0] AndroidManifest.xml:48:13-79
199            android:excludeFromRecents="true"
199-->[com.google.firebase:firebase-auth:22.2.0] AndroidManifest.xml:49:13-46
200            android:exported="true"
200-->[com.google.firebase:firebase-auth:22.2.0] AndroidManifest.xml:50:13-36
201            android:launchMode="singleTask"
201-->[com.google.firebase:firebase-auth:22.2.0] AndroidManifest.xml:51:13-44
202            android:theme="@android:style/Theme.Translucent.NoTitleBar" >
202-->[com.google.firebase:firebase-auth:22.2.0] AndroidManifest.xml:52:13-72
203            <intent-filter>
203-->[com.google.firebase:firebase-auth:22.2.0] AndroidManifest.xml:53:13-63:29
204                <action android:name="android.intent.action.VIEW" />
204-->[com.google.firebase:firebase-auth:22.2.0] AndroidManifest.xml:36:17-69
204-->[com.google.firebase:firebase-auth:22.2.0] AndroidManifest.xml:36:25-66
205
206                <category android:name="android.intent.category.DEFAULT" />
206-->[com.google.firebase:firebase-auth:22.2.0] AndroidManifest.xml:38:17-76
206-->[com.google.firebase:firebase-auth:22.2.0] AndroidManifest.xml:38:27-73
207                <category android:name="android.intent.category.BROWSABLE" />
207-->[com.google.firebase:firebase-auth:22.2.0] AndroidManifest.xml:39:17-78
207-->[com.google.firebase:firebase-auth:22.2.0] AndroidManifest.xml:39:27-75
208
209                <data
209-->[com.google.firebase:firebase-auth:22.2.0] AndroidManifest.xml:41:17-44:51
210                    android:host="firebase.auth"
210-->[com.google.firebase:firebase-auth:22.2.0] AndroidManifest.xml:42:21-49
211                    android:path="/"
211-->[com.google.firebase:firebase-auth:22.2.0] AndroidManifest.xml:43:21-37
212                    android:scheme="recaptcha" />
212-->[com.google.firebase:firebase-auth:22.2.0] AndroidManifest.xml:44:21-48
213            </intent-filter>
214        </activity>
215
216        <receiver
216-->[com.google.firebase:firebase-messaging:23.3.1] AndroidManifest.xml:29:9-40:20
217            android:name="com.google.firebase.iid.FirebaseInstanceIdReceiver"
217-->[com.google.firebase:firebase-messaging:23.3.1] AndroidManifest.xml:30:13-78
218            android:exported="true"
218-->[com.google.firebase:firebase-messaging:23.3.1] AndroidManifest.xml:31:13-36
219            android:permission="com.google.android.c2dm.permission.SEND" >
219-->[com.google.firebase:firebase-messaging:23.3.1] AndroidManifest.xml:32:13-73
220            <intent-filter>
220-->src\main\AndroidManifest.xml:46:13-48:29
221                <action android:name="com.google.android.c2dm.intent.RECEIVE" />
221-->src\main\AndroidManifest.xml:47:17-81
221-->src\main\AndroidManifest.xml:47:25-78
222            </intent-filter>
223
224            <meta-data
224-->[com.google.firebase:firebase-messaging:23.3.1] AndroidManifest.xml:37:13-39:40
225                android:name="com.google.android.gms.cloudmessaging.FINISHED_AFTER_HANDLED"
225-->[com.google.firebase:firebase-messaging:23.3.1] AndroidManifest.xml:38:17-92
226                android:value="true" />
226-->[com.google.firebase:firebase-messaging:23.3.1] AndroidManifest.xml:39:17-37
227        </receiver>
228        <!--
229             FirebaseMessagingService performs security checks at runtime,
230             but set to not exported to explicitly avoid allowing another app to call it.
231        -->
232        <service
232-->[com.google.firebase:firebase-messaging:23.3.1] AndroidManifest.xml:46:9-53:19
233            android:name="com.google.firebase.messaging.FirebaseMessagingService"
233-->[com.google.firebase:firebase-messaging:23.3.1] AndroidManifest.xml:47:13-82
234            android:directBootAware="true"
234-->[com.google.firebase:firebase-messaging:23.3.1] AndroidManifest.xml:48:13-43
235            android:exported="false" >
235-->[com.google.firebase:firebase-messaging:23.3.1] AndroidManifest.xml:49:13-37
236            <intent-filter android:priority="-500" >
236-->[com.google.firebase:firebase-messaging:23.3.1] AndroidManifest.xml:50:13-52:29
236-->[com.google.firebase:firebase-messaging:23.3.1] AndroidManifest.xml:50:28-51
237                <action android:name="com.google.firebase.MESSAGING_EVENT" />
237-->[com.google.firebase:firebase-messaging:23.3.1] AndroidManifest.xml:51:17-78
237-->[com.google.firebase:firebase-messaging:23.3.1] AndroidManifest.xml:51:25-75
238            </intent-filter>
239        </service>
240
241        <property
241-->[com.google.android.gms:play-services-measurement-api:21.5.0] AndroidManifest.xml:30:9-32:61
242            android:name="android.adservices.AD_SERVICES_CONFIG"
242-->[com.google.android.gms:play-services-measurement-api:21.5.0] AndroidManifest.xml:31:13-65
243            android:resource="@xml/ga_ad_services_config" />
243-->[com.google.android.gms:play-services-measurement-api:21.5.0] AndroidManifest.xml:32:13-58
244
245        <provider
245-->[com.google.firebase:firebase-common:20.4.2] AndroidManifest.xml:23:9-28:39
246            android:name="com.google.firebase.provider.FirebaseInitProvider"
246-->[com.google.firebase:firebase-common:20.4.2] AndroidManifest.xml:24:13-77
247            android:authorities="com.android.chatsapp.firebaseinitprovider"
247-->[com.google.firebase:firebase-common:20.4.2] AndroidManifest.xml:25:13-72
248            android:directBootAware="true"
248-->[com.google.firebase:firebase-common:20.4.2] AndroidManifest.xml:26:13-43
249            android:exported="false"
249-->[com.google.firebase:firebase-common:20.4.2] AndroidManifest.xml:27:13-37
250            android:initOrder="100" />
250-->[com.google.firebase:firebase-common:20.4.2] AndroidManifest.xml:28:13-36
251
252        <activity
252-->[com.google.android.gms:play-services-base:18.1.0] AndroidManifest.xml:20:9-22:45
253            android:name="com.google.android.gms.common.api.GoogleApiActivity"
253-->[com.google.android.gms:play-services-base:18.1.0] AndroidManifest.xml:20:19-85
254            android:exported="false"
254-->[com.google.android.gms:play-services-base:18.1.0] AndroidManifest.xml:22:19-43
255            android:theme="@android:style/Theme.Translucent.NoTitleBar" />
255-->[com.google.android.gms:play-services-base:18.1.0] AndroidManifest.xml:21:19-78
256
257        <uses-library
257-->[androidx.camera:camera-extensions:1.0.0-alpha25] AndroidManifest.xml:31:9-33:40
258            android:name="androidx.camera.extensions.impl"
258-->[androidx.camera:camera-extensions:1.0.0-alpha25] AndroidManifest.xml:32:13-59
259            android:required="false" />
259-->[androidx.camera:camera-extensions:1.0.0-alpha25] AndroidManifest.xml:33:13-37
260
261        <receiver
261-->[com.google.android.gms:play-services-measurement:21.5.0] AndroidManifest.xml:29:9-33:20
262            android:name="com.google.android.gms.measurement.AppMeasurementReceiver"
262-->[com.google.android.gms:play-services-measurement:21.5.0] AndroidManifest.xml:30:13-85
263            android:enabled="true"
263-->[com.google.android.gms:play-services-measurement:21.5.0] AndroidManifest.xml:31:13-35
264            android:exported="false" >